<?xml version="1.0" encoding="UTF-8"?>
<!-- Generated by org.testng.reporters.JUnitXMLReporter -->
<testsuite ignored="0" hostname="IND03563" failures="0" tests="3" name="Test" time="51.057" errors="0" timestamp="29 Nov 2018 17:41:46 GMT">
  <testcase classname="com.actitime.test.ValidLoginLogoutTest" name="testValidLoginLogout" time="11.029"/>
  <testcase classname="com.actitime.test.InvalidLoginTest" name="testInvalidLogin" time="14.776"/>
  <testcase classname="com.actitime.test.VerifyVersionTest" name="testVerifyVersion" time="0.221"/>
</testsuite> <!-- Test -->
